<?xml version="1.0" encoding="UTF-8"?>
<!-- Generated by org.testng.reporters.JUnitXMLReporter -->
<testsuite ignored="0" hostname="LAPTOP-DGDCJGPO" failures="1" tests="1" name="07. Báo cáo Nội bộ - Thao tác thêm mới, Sửa, Trình phê duyệt" time="106.616" errors="0" timestamp="2021-10-30T17:11:04 ICT">
  <testcase classname="testCaseHSTL.TC04_BaoCaoNoiBo" name="BaoCaoNoiBo" time="106.613">
    <failure type="org.openqa.selenium.ElementClickInterceptedException" message="element click intercepted: Element &amp;lt;input type=&amp;quot;button&amp;quot; id=&amp;quot;btnComplete&amp;quot; class=&amp;quot;btnSave&amp;quot; value=&amp;quot;Lưu&amp;quot; onclick=&amp;quot;onSave_Click();&amp;quot;&amp;gt; is not clickable at point (763, 288). Other element would receive the click: &amp;lt;li tabindex=&amp;quot;-1&amp;quot; role=&amp;quot;option&amp;quot; unselectable=&amp;quot;on&amp;quot; class=&amp;quot;k-item k-state-hover k-state-focused&amp;quot; data-offset-index=&amp;quot;0&amp;quot; id=&amp;quot;bfa82f9b-e6f6-4c81-a681-65bcc33c5b41&amp;quot; aria-selected=&amp;quot;true&amp;quot;&amp;gt;...&amp;lt;/li&amp;gt;
  (Session info: chrome=95.0.4638.69)
Build info: version: &amp;apos;3.141.59&amp;apos;, revision: &amp;apos;e82be7d358&amp;apos;, time: &amp;apos;2018-11-14T08:25:48&amp;apos;
System info: host: &amp;apos;LAPTOP-DGDCJGPO&amp;apos;, ip: &amp;apos;192.168.46.2&amp;apos;, os.name: &amp;apos;Windows 10&amp;apos;, os.arch: &amp;apos;amd64&amp;apos;, os.version: &amp;apos;10.0&amp;apos;, java.version: &amp;apos;17&amp;apos;
Driver info: org.openqa.selenium.chrome.ChromeDriver
Capabilities {acceptInsecureCerts: false, browserName: chrome, browserVersion: 95.0.4638.69, chrome: {chromedriverVersion: 95.0.4638.54 (d31a821ec901f..., userDataDir: C:\Users\ASUS\AppData\Local...}, goog:chromeOptions: {debuggerAddress: localhost:51980}, javascriptEnabled: true, networkConnectionEnabled: false, pageLoadStrategy: normal, platform: WINDOWS, platformName: WINDOWS, proxy: Proxy(), setWindowRect: true, strictFileInteractability: false, timeouts: {implicit: 0, pageLoad: 300000, script: 30000}, unhandledPromptBehavior: dismiss and notify, webauthn:extension:credBlob: true, webauthn:extension:largeBlob: true, webauthn:virtualAuthenticators: true}
Session ID: adc2db088413ef6d85248a1b88e7bd81">
      <![CDATA[org.openqa.selenium.ElementClickInterceptedException: element click intercepted: Element <input type="button" id="btnComplete" class="btnSave" value="Lưu" onclick="onSave_Click();"> is not clickable at point (763, 288). Other element would receive the click: <li tabindex="-1" role="option" unselectable="on" class="k-item k-state-hover k-state-focused" data-offset-index="0" id="bfa82f9b-e6f6-4c81-a681-65bcc33c5b41" aria-selected="true">...</li>
  (Session info: chrome=95.0.4638.69)
Build info: version: '3.141.59', revision: 'e82be7d358', time: '2018-11-14T08:25:48'
System info: host: 'LAPTOP-DGDCJGPO', ip: '192.168.46.2', os.name: 'Windows 10', os.arch: 'amd64', os.version: '10.0', java.version: '17'
Driver info: org.openqa.selenium.chrome.ChromeDriver
Capabilities {acceptInsecureCerts: false, browserName: chrome, browserVersion: 95.0.4638.69, chrome: {chromedriverVersion: 95.0.4638.54 (d31a821ec901f..., userDataDir: C:\Users\ASUS\AppData\Local...}, goog:chromeOptions: {debuggerAddress: localhost:51980}, javascriptEnabled: true, networkConnectionEnabled: false, pageLoadStrategy: normal, platform: WINDOWS, platformName: WINDOWS, proxy: Proxy(), setWindowRect: true, strictFileInteractability: false, timeouts: {implicit: 0, pageLoad: 300000, script: 30000}, unhandledPromptBehavior: dismiss and notify, webauthn:extension:credBlob: true, webauthn:extension:largeBlob: true, webauthn:virtualAuthenticators: true}
Session ID: adc2db088413ef6d85248a1b88e7bd81
at org.openqa.selenium.remote.http.W3CHttpResponseCodec.createException(W3CHttpResponseCodec.java:187)
at org.openqa.selenium.remote.http.W3CHttpResponseCodec.decode(W3CHttpResponseCodec.java:122)
at org.openqa.selenium.remote.http.W3CHttpResponseCodec.decode(W3CHttpResponseCodec.java:49)
at org.openqa.selenium.remote.HttpCommandExecutor.execute(HttpCommandExecutor.java:158)
at org.openqa.selenium.remote.service.DriverCommandExecutor.execute(DriverCommandExecutor.java:83)
at org.openqa.selenium.remote.RemoteWebDriver.execute(RemoteWebDriver.java:552)
at org.openqa.selenium.remote.RemoteWebElement.execute(RemoteWebElement.java:285)
at org.openqa.selenium.remote.RemoteWebElement.click(RemoteWebElement.java:84)
at pages.FormThemMoiHSTL.editBaoCaoNoiBo(FormThemMoiHSTL.java:338)
at testCaseHSTL.TC04_BaoCaoNoiBo.BaoCaoNoiBo(TC04_BaoCaoNoiBo.java:68)
at java.base/java.util.ArrayList.forEach(ArrayList.java:1511)
... Removed 32 stack frames]]>
    </failure>
  </testcase> <!-- BaoCaoNoiBo -->
</testsuite> <!-- 07. Báo cáo Nội bộ - Thao tác thêm mới, Sửa, Trình phê duyệt -->
